<?xml version="1.0" encoding="UTF-8"?>
<testng-results ignored="0" total="1" passed="1" failed="0" skipped="0">
  <reporter-output>
  </reporter-output>
  <suite started-at="2021-08-15T08:42:31Z" name="Default suite" finished-at="2021-08-15T08:42:51Z" duration-ms="20058">
    <groups>
    </groups>
    <test started-at="2021-08-15T08:42:31Z" name="Default test" finished-at="2021-08-15T08:42:51Z" duration-ms="20058">
      <class name="QuestionTwo.FightUI">
        <test-method is-config="true" signature="beforeTest()[pri:0, instance:QuestionTwo.FightUI@7674b62c]" started-at="2021-08-15T08:42:31Z" name="beforeTest" finished-at="2021-08-15T08:42:31Z" duration-ms="8" status="PASS">
          <reporter-output>
          </reporter-output>
        </test-method> <!-- beforeTest -->
        <test-method signature="test()[pri:0, instance:QuestionTwo.FightUI@7674b62c]" started-at="2021-08-15T08:42:31Z" name="test" finished-at="2021-08-15T08:42:50Z" duration-ms="18816" status="PASS">
          <reporter-output>
          </reporter-output>
        </test-method> <!-- test -->
        <test-method is-config="true" signature="afterTest()[pri:0, instance:QuestionTwo.FightUI@7674b62c]" started-at="2021-08-15T08:42:50Z" name="afterTest" finished-at="2021-08-15T08:42:51Z" duration-ms="1220" status="PASS">
          <reporter-output>
          </reporter-output>
        </test-method> <!-- afterTest -->
      </class> <!-- QuestionTwo.FightUI -->
    </test> <!-- Default test -->
  </suite> <!-- Default suite -->
</testng-results>
